_Kevin branche/MoD_Driver_Beta_Release/Modules/NotificationsTest1/app/build/outputs/logs/manifest-merger-debug-report.txt
-- Merging decision tree log ---
manifest
ADDED from src/main/AndroidManifest.xml:2:1-49:12
INJECTED from src/main/AndroidManifest.xml:2:1-49:12
INJECTED from src/main/AndroidManifest.xml:2:1-49:12
INJECTED from src/main/AndroidManifest.xml:2:1-49:12
INJECTED from src/main/AndroidManifest.xml:2:1-49:12
INJECTED from src/main/AndroidManifest.xml:2:1-49:12
INJECTED from src/main/AndroidManifest.xml:2:1-49:12
	package
		ADDED from src/main/AndroidManifest.xml:3:5-58
		INJECTED from src/main/AndroidManifest.xml
		INJECTED from src/main/AndroidManifest.xml
	android:versionName
		ADDED from src/main/AndroidManifest.xml:5:5-30
		INJECTED from src/main/AndroidManifest.xml
		INJECTED from src/main/AndroidManifest.xml
	xmlns:android
		ADDED from src/main/AndroidManifest.xml:2:11-69
	android:versionCode
		ADDED from src/main/AndroidManifest.xml:4:5-28
		INJECTED from src/main/AndroidManifest.xml
		INJECTED from src/main/AndroidManifest.xml
uses-sdk
ADDED from src/main/AndroidManifest.xml:7:5-9:41
INJECTED from src/main/AndroidManifest.xml:7:5-9:41
INJECTED from src/main/AndroidManifest.xml:7:5-9:41
INJECTED from src/main/AndroidManifest.xml:7:5-9:41
INJECTED from src/main/AndroidManifest.xml:7:5-9:41
	android:targetSdkVersion
		ADDED from src/main/AndroidManifest.xml:9:9-38
		INJECTED from src/main/AndroidManifest.xml
		INJECTED from src/main/AndroidManifest.xml
	android:minSdkVersion
		ADDED from src/main/AndroidManifest.xml:8:9-35
		INJECTED from src/main/AndroidManifest.xml
		INJECTED from src/main/AndroidManifest.xml
application
ADDED from src/main/AndroidManifest.xml:11:5-47:19
	android:label
		ADDED from src/main/AndroidManifest.xml:14:9-41
	android:icon
		ADDED from src/main/AndroidManifest.xml:13:9-45
	android:allowBackup
		ADDED from src/main/AndroidManifest.xml:12:9-35
	android:theme
		ADDED from src/main/AndroidManifest.xml:15:9-40
activity#com.javacodegeeks.android.notificationstest.MainActivity
ADDED from src/main/AndroidManifest.xml:16:9-24:20
	android:label
		ADDED from src/main/AndroidManifest.xml:18:13-45
	android:name
		ADDED from src/main/AndroidManifest.xml:17:13-84
intent-filter#android.intent.action.MAIN+android.intent.category.LAUNCHER
ADDED from src/main/AndroidManifest.xml:19:13-23:29
action#android.intent.action.MAIN
ADDED from src/main/AndroidManifest.xml:20:17-69
	android:name
		ADDED from src/main/AndroidManifest.xml:20:25-66
category#android.intent.category.LAUNCHER
ADDED from src/main/AndroidManifest.xml:22:17-77
	android:name
		ADDED from src/main/AndroidManifest.xml:22:27-74
activity#com.javacodegeeks.android.notificationstest.NotificationOne
ADDED from src/main/AndroidManifest.xml:26:9-32:20
	android:parentActivityName
		ADDED from src/main/AndroidManifest.xml:28:14-56
	android:label
		ADDED from src/main/AndroidManifest.xml:27:14-57
	android:name
		ADDED from src/main/AndroidManifest.xml:26:19-50
meta-data#android.support.PARENT_ACTIVITY
ADDED from src/main/AndroidManifest.xml:29:10-31:42
	android:value
		ADDED from src/main/AndroidManifest.xml:31:11-40
	android:name
		ADDED from src/main/AndroidManifest.xml:30:11-57
activity#com.javacodegeeks.android.notificationstest.NotificationTwo
ADDED from src/main/AndroidManifest.xml:33:9-46:20
	android:parentActivityName
		ADDED from src/main/AndroidManifest.xml:36:13-55
	android:label
		ADDED from src/main/AndroidManifest.xml:35:13-56
	android:name
		ADDED from src/main/AndroidManifest.xml:34:13-44
intent-filter#android.intent.category.DEFAULT+com.example.javacodegeeks.TEL_INTENT
ADDED from src/main/AndroidManifest.xml:38:12-42:28
action#com.example.javacodegeeks.TEL_INTENT
ADDED from src/main/AndroidManifest.xml:39:15-77
	android:name
		ADDED from src/main/AndroidManifest.xml:39:23-74
category#android.intent.category.DEFAULT
ADDED from src/main/AndroidManifest.xml:40:15-74
	android:name
		ADDED from src/main/AndroidManifest.xml:40:25-71
data
ADDED from src/main/AndroidManifest.xml:41:15-44
	android:scheme
		ADDED from src/main/AndroidManifest.xml:41:21-41